<?xml version="1.0" encoding="UTF-8"?>
<testsuite xmlns:xsi="http://www.w3.org/2001/XMLSchema-instance" xsi:noNamespaceSchemaLocation="https://maven.apache.org/surefire/maven-surefire-plugin/xsd/surefire-test-report.xsd" version="3.0.2" name="com.onurdesk.iris.SpringBootQrCodeGeneratorReaderApplicationTests" time="3.685" tests="1" errors="0" skipped="0" failures="0">
  <properties>
[...]
</properties>
  <testcase name="contextLoads" classname="com.onurdesk.iris.SpringBootQrCodeGeneratorReaderApplicationTests" time="0.012">
    <system-out><![CDATA[15:35:05.089 [main] INFO org.springframework.test.context.support.AnnotationConfigContextLoaderUtils -- Could not detect default configuration classes for test class [com.onurdesk.iris.SpringBootQrCodeGeneratorReaderApplicationTests]: SpringBootQrCodeGeneratorReaderApplicationTests does not declare any static, non-private, non-final, nested classes annotated with @Configuration.
15:35:05.328 [main] INFO org.springframework.boot.test.context.SpringBootTestContextBootstrapper -- Found @SpringBootConfiguration com.onurdesk.iris.SpringBootQrCodeGeneratorReaderApplication for test class com.onurdesk.iris.SpringBootQrCodeGeneratorReaderApplicationTests
15:35:05.621 [main] INFO org.springframework.boot.devtools.restart.RestartApplicationListener -- Restart disabled due to context in which it is running

  .   ____          _            __ _ _
 /\\ / ___'_ __ _ _(_)_ __  __ _ \ \ \ \
( ( )\___ | '_ | '_| | '_ \/ _` | \ \ \ \
 \\/  ___)| |_)| | | | | || (_| |  ) ) ) )
  '  |____| .__|_| |_|_| |_\__, | / / / /
 =========|_|==============|___/=/_/_/_/

 :: Spring Boot ::                (v3.5.0)

2025-06-17T15:35:06.074Z  WARN 3398 --- [           main] ory$DuplicateJsonObjectContextCustomizer :

Found multiple occurrences of org.json.JSONObject on the class path:

	jar:file:/home/swebot/.m2/repository/org/json/json/20210307/json-20210307.jar!/org/json/JSONObject.class
	jar:file:/home/swebot/.m2/repository/com/vaadin/external/google/android-json/0.0.20131108.vaadin1/android-json-0.0.20131108.vaadin1.jar!/org/json/JSONObject.class

You may wish to exclude one of them to ensure predictable runtime behavior

2025-06-17T15:35:06.118Z  INFO 3398 --- [           main] ootQrCodeGeneratorReaderApplicationTests : Starting SpringBootQrCodeGeneratorReaderApplicationTests using Java 21.0.7 with PID 3398 (started by jules in /app)
2025-06-17T15:35:06.119Z  INFO 3398 --- [           main] ootQrCodeGeneratorReaderApplicationTests : No active profile set, falling back to 1 default profile: "default"
2025-06-17T15:35:08.404Z  INFO 3398 --- [           main] ootQrCodeGeneratorReaderApplicationTests : Started SpringBootQrCodeGeneratorReaderApplicationTests in 2.793 seconds (process running for 9.049)
]]></system-out>
  </testcase>
</testsuite>